Log file for surfreg
Tue Jan 14 19:15:23 EST 2014

setenv SUBJECTS_DIR /homes/4/greve/subjects
cd /autofs/space/crash_001/users/greve/subjects
/autofs/space/tanha_002/users/greve/fsdev.build/bin/surfreg --s mni152.fnirt --t fsaverage_sym --lh --xhemi

Linux compute-0-3 2.6.32-358.23.2.el6.x86_64 #1 SMP Wed Oct 16 18:37:12 UTC 2013 x86_64 x86_64 x86_64 GNU/Linux
xhemireg --s mni152.fnirt
outdir is /homes/4/greve/subjects/mni152.fnirt/xhemi
Logfile is /homes/4/greve/subjects/mni152.fnirt/xhemi/xhemireg.lh.log
/autofs/space/tanha_002/users/greve/fsdev.build/bin/xhemireg
--s mni152.fnirt
$Id: xhemireg,v 1.25 2013/08/29 18:49:33 greve Exp $
Tue Jan 14 19:15:23 EST 2014
Linux compute-0-3 2.6.32-358.23.2.el6.x86_64 #1 SMP Wed Oct 16 18:37:12 UTC 2013 x86_64 x86_64 x86_64 GNU/Linux
/autofs/space/crash_001/users/greve/subjects/mni152.fnirt
setenv SUBJECTS_DIR /homes/4/greve/subjects 
Tue Jan 14 19:15:23 EST 2014
Tue Jan 14 19:15:23 EST 2014
vol orig --------------
mri_vol2vol --mov mri/orig.mgz --targ mri/orig.mgz --reg /homes/4/greve/subjects/mni152.fnirt/xhemi/lrrev.register.dat --o /homes/4/greve/subjects/mni152.fnirt/xhemi/mri/orig.mgz --keep-precision --no-save-reg

Matrix from regfile:
-1.00000   0.00000   0.00000   1.00000;
 0.00000   1.00000   0.00000   0.00000;
 0.00000   0.00000   1.00000   0.00000;
 0.00000   0.00000   0.00000   1.00000;

movvol mri/orig.mgz
targvol mri/orig.mgz
outvol /homes/4/greve/subjects/mni152.fnirt/xhemi/mri/orig.mgz
regfile /homes/4/greve/subjects/mni152.fnirt/xhemi/lrrev.register.dat
invert 0
tal    0
talres 2
regheader 0
noresample 0
interp  trilinear (1)
precision  uchar (0)
Gdiag_no  -1
Synth      0
SynthSeed  1390703033
Resampling
Output registration matrix is identity

mri_vol2vol done
vol T1 --------------
mri_vol2vol --mov mri/T1.mgz --targ mri/T1.mgz --reg /homes/4/greve/subjects/mni152.fnirt/xhemi/lrrev.register.dat --o /homes/4/greve/subjects/mni152.fnirt/xhemi/mri/T1.mgz --keep-precision --no-save-reg

Matrix from regfile:
-1.00000   0.00000   0.00000   1.00000;
 0.00000   1.00000   0.00000   0.00000;
 0.00000   0.00000   1.00000   0.00000;
 0.00000   0.00000   0.00000   1.00000;

movvol mri/T1.mgz
targvol mri/T1.mgz
outvol /homes/4/greve/subjects/mni152.fnirt/xhemi/mri/T1.mgz
regfile /homes/4/greve/subjects/mni152.fnirt/xhemi/lrrev.register.dat
invert 0
tal    0
talres 2
regheader 0
noresample 0
interp  trilinear (1)
precision  uchar (0)
Gdiag_no  -1
Synth      0
SynthSeed  1390682453
Resampling
Output registration matrix is identity

mri_vol2vol done
vol brain --------------
mri_vol2vol --mov mri/brain.mgz --targ mri/brain.mgz --reg /homes/4/greve/subjects/mni152.fnirt/xhemi/lrrev.register.dat --o /homes/4/greve/subjects/mni152.fnirt/xhemi/mri/brain.mgz --keep-precision --no-save-reg

Matrix from regfile:
-1.00000   0.00000   0.00000   1.00000;
 0.00000   1.00000   0.00000   0.00000;
 0.00000   0.00000   1.00000   0.00000;
 0.00000   0.00000   0.00000   1.00000;

movvol mri/brain.mgz
targvol mri/brain.mgz
outvol /homes/4/greve/subjects/mni152.fnirt/xhemi/mri/brain.mgz
regfile /homes/4/greve/subjects/mni152.fnirt/xhemi/lrrev.register.dat
invert 0
tal    0
talres 2
regheader 0
noresample 0
interp  trilinear (1)
precision  uchar (0)
Gdiag_no  -1
Synth      0
SynthSeed  1390216362
Resampling
Output registration matrix is identity

mri_vol2vol done
vol brainmask --------------
mri_vol2vol --mov mri/brainmask.mgz --targ mri/brainmask.mgz --reg /homes/4/greve/subjects/mni152.fnirt/xhemi/lrrev.register.dat --o /homes/4/greve/subjects/mni152.fnirt/xhemi/mri/brainmask.mgz --keep-precision --no-save-reg

Matrix from regfile:
-1.00000   0.00000   0.00000   1.00000;
 0.00000   1.00000   0.00000   0.00000;
 0.00000   0.00000   1.00000   0.00000;
 0.00000   0.00000   0.00000   1.00000;

movvol mri/brainmask.mgz
targvol mri/brainmask.mgz
outvol /homes/4/greve/subjects/mni152.fnirt/xhemi/mri/brainmask.mgz
regfile /homes/4/greve/subjects/mni152.fnirt/xhemi/lrrev.register.dat
invert 0
tal    0
talres 2
regheader 0
noresample 0
interp  trilinear (1)
precision  uchar (0)
Gdiag_no  -1
Synth      0
SynthSeed  1390381660
Resampling
Output registration matrix is identity

mri_vol2vol done
vol norm --------------
mri_vol2vol --mov mri/norm.mgz --targ mri/norm.mgz --reg /homes/4/greve/subjects/mni152.fnirt/xhemi/lrrev.register.dat --o /homes/4/greve/subjects/mni152.fnirt/xhemi/mri/norm.mgz --keep-precision --no-save-reg

Matrix from regfile:
-1.00000   0.00000   0.00000   1.00000;
 0.00000   1.00000   0.00000   0.00000;
 0.00000   0.00000   1.00000   0.00000;
 0.00000   0.00000   0.00000   1.00000;

movvol mri/norm.mgz
targvol mri/norm.mgz
outvol /homes/4/greve/subjects/mni152.fnirt/xhemi/mri/norm.mgz
regfile /homes/4/greve/subjects/mni152.fnirt/xhemi/lrrev.register.dat
invert 0
tal    0
talres 2
regheader 0
noresample 0
interp  trilinear (1)
precision  uchar (0)
Gdiag_no  -1
Synth      0
SynthSeed  1390401943
Resampling
Output registration matrix is identity

mri_vol2vol done
vol aseg --------------
mri_vol2vol --mov mri/aseg.mgz --targ mri/aseg.mgz --reg /homes/4/greve/subjects/mni152.fnirt/xhemi/lrrev.register.dat --o /homes/4/greve/subjects/mni152.fnirt/xhemi/mri/aseg.mgz --keep-precision --no-save-reg

Matrix from regfile:
-1.00000   0.00000   0.00000   1.00000;
 0.00000   1.00000   0.00000   0.00000;
 0.00000   0.00000   1.00000   0.00000;
 0.00000   0.00000   0.00000   1.00000;

movvol mri/aseg.mgz
targvol mri/aseg.mgz
outvol /homes/4/greve/subjects/mni152.fnirt/xhemi/mri/aseg.mgz
regfile /homes/4/greve/subjects/mni152.fnirt/xhemi/lrrev.register.dat
invert 0
tal    0
talres 2
regheader 0
noresample 0
interp  trilinear (1)
precision  uchar (0)
Gdiag_no  -1
Synth      0
SynthSeed  1390257465
Resampling
Output registration matrix is identity

mri_vol2vol done
mri_convert /homes/4/greve/subjects/mni152.fnirt/xhemi/mri/aseg.mgz /homes/4/greve/subjects/mni152.fnirt/xhemi/mri/aseg.mgz --left-right-swap-label
mri_convert /homes/4/greve/subjects/mni152.fnirt/xhemi/mri/aseg.mgz /homes/4/greve/subjects/mni152.fnirt/xhemi/mri/aseg.mgz --left-right-swap-label 
$Id: mri_convert.c,v 1.206 2013/11/12 03:15:51 greve Exp $
reading from /homes/4/greve/subjects/mni152.fnirt/xhemi/mri/aseg.mgz...
Performing left-right swap of labels
TR=1000.00, TE=0.00, TI=0.00, flip angle=0.00
i_ras = (-1, 0, 0)
j_ras = (0, 0, -1)
k_ras = (0, 1, 0)
writing to /homes/4/greve/subjects/mni152.fnirt/xhemi/mri/aseg.mgz...
vol aparc+aseg --------------
mri_vol2vol --mov mri/aparc+aseg.mgz --targ mri/aparc+aseg.mgz --reg /homes/4/greve/subjects/mni152.fnirt/xhemi/lrrev.register.dat --o /homes/4/greve/subjects/mni152.fnirt/xhemi/mri/aparc+aseg.mgz --keep-precision --no-save-reg

Matrix from regfile:
-1.00000   0.00000   0.00000   1.00000;
 0.00000   1.00000   0.00000   0.00000;
 0.00000   0.00000   1.00000   0.00000;
 0.00000   0.00000   0.00000   1.00000;

movvol mri/aparc+aseg.mgz
targvol mri/aparc+aseg.mgz
outvol /homes/4/greve/subjects/mni152.fnirt/xhemi/mri/aparc+aseg.mgz
regfile /homes/4/greve/subjects/mni152.fnirt/xhemi/lrrev.register.dat
invert 0
tal    0
talres 2
regheader 0
noresample 0
interp  trilinear (1)
precision  int (1)
Gdiag_no  -1
Synth      0
SynthSeed  1390010110
Resampling
Output registration matrix is identity

mri_vol2vol done
mri_convert /homes/4/greve/subjects/mni152.fnirt/xhemi/mri/aparc+aseg.mgz /homes/4/greve/subjects/mni152.fnirt/xhemi/mri/aparc+aseg.mgz --left-right-swap-label
mri_convert /homes/4/greve/subjects/mni152.fnirt/xhemi/mri/aparc+aseg.mgz /homes/4/greve/subjects/mni152.fnirt/xhemi/mri/aparc+aseg.mgz --left-right-swap-label 
$Id: mri_convert.c,v 1.206 2013/11/12 03:15:51 greve Exp $
reading from /homes/4/greve/subjects/mni152.fnirt/xhemi/mri/aparc+aseg.mgz...
Performing left-right swap of labels
TR=1000.00, TE=0.00, TI=0.00, flip angle=0.00
i_ras = (-1, 0, 0)
j_ras = (0, 0, -1)
k_ras = (0, 1, 0)
writing to /homes/4/greve/subjects/mni152.fnirt/xhemi/mri/aparc+aseg.mgz...
vol nu --------------
mri_vol2vol --mov mri/nu.mgz --targ mri/nu.mgz --reg /homes/4/greve/subjects/mni152.fnirt/xhemi/lrrev.register.dat --o /homes/4/greve/subjects/mni152.fnirt/xhemi/mri/nu.mgz --keep-precision --no-save-reg

Matrix from regfile:
-1.00000   0.00000   0.00000   1.00000;
 0.00000   1.00000   0.00000   0.00000;
 0.00000   0.00000   1.00000   0.00000;
 0.00000   0.00000   0.00000   1.00000;

movvol mri/nu.mgz
targvol mri/nu.mgz
outvol /homes/4/greve/subjects/mni152.fnirt/xhemi/mri/nu.mgz
regfile /homes/4/greve/subjects/mni152.fnirt/xhemi/lrrev.register.dat
invert 0
tal    0
talres 2
regheader 0
noresample 0
interp  trilinear (1)
precision  uchar (0)
Gdiag_no  -1
Synth      0
SynthSeed  1390426883
Resampling
Output registration matrix is identity

mri_vol2vol done
Tue Jan 14 19:16:21 EST 2014
recon-all -sb mni152.fnirt/xhemi -talairach
Subject Stamp: freesurfer-x86_64-unknown-linux-gnu-dev5-20140107
Current Stamp: freesurfer-x86_64-unknown-linux-gnu-dev5-20140107
INFO: SUBJECTS_DIR is /autofs/space/crash_002/users/greve/space-greve-1/subjects
Actual FREESURFER_HOME /autofs/space/tanha_002/users/greve/fsdev.build
Linux compute-0-3 2.6.32-358.23.2.el6.x86_64 #1 SMP Wed Oct 16 18:37:12 UTC 2013 x86_64 x86_64 x86_64 GNU/Linux
#--------------------------------------------
#@# Talairach Tue Jan 14 19:16:42 EST 2014
/autofs/space/crash_001/users/greve/subjects/mni152.fnirt/xhemi/mri

 mri_nu_correct.mni --n 1 --proto-iters 1000 --distance 50 --no-rescale --i orig.mgz --o orig_nu.mgz 


 talairach_avi --i orig_nu.mgz --xfm transforms/talairach.auto.xfm 


 cp transforms/talairach.auto.xfm transforms/talairach.xfm 


#------------------------------------------

Started at Tue Jan 14 19:16:21 EST 2014 
Ended   at Tue Jan 14 19:20:08 EST 2014
#@#%# recon-all-run-time-hours 0.063
recon-all -s mni152.fnirt/xhemi finished without error at Tue Jan 14 19:20:08 EST 2014
done
Tue Jan 14 19:20:08 EST 2014
mri_surf2surf --s mni152.fnirt --sval-xyz orig --hemi lh --tval-xyz /homes/4/greve/subjects/mni152.fnirt/xhemi/mri/orig.mgz --tval /homes/4/greve/subjects/mni152.fnirt/xhemi/surf/rh.orig --reg /homes/4/greve/subjects/mni152.fnirt/xhemi/lrrev.register.dat

$Id: mri_surf2surf.c,v 1.98 2013/08/29 18:21:10 greve Exp $

setenv SUBJECTS_DIR /homes/4/greve/subjects
cd /autofs/space/crash_001/users/greve/subjects/mni152.fnirt
mri_surf2surf --s mni152.fnirt --sval-xyz orig --hemi lh --tval-xyz /homes/4/greve/subjects/mni152.fnirt/xhemi/mri/orig.mgz --tval /homes/4/greve/subjects/mni152.fnirt/xhemi/surf/rh.orig --reg /homes/4/greve/subjects/mni152.fnirt/xhemi/lrrev.register.dat 

sysname  Linux
hostname compute-0-3
machine  x86_64
user     greve
srcsubject = mni152.fnirt
srcval     = (null)
srctype    = 
trgsubject = mni152.fnirt
trgval     = /homes/4/greve/subjects/mni152.fnirt/xhemi/surf/rh.orig
trgtype    = 
srcsurfreg = sphere.reg
trgsurfreg = sphere.reg
srchemi    = lh
trghemi    = lh
frame      = 0
fwhm-in    = 0
fwhm-out   = 0
label-src  = (null)
label-trg  = (null)
OKToRevFaceOrder  = 1
UseDualHemi = 0
Reading source surface reg /homes/4/greve/subjects/mni152.fnirt/surf/lh.sphere.reg
Loading source data
Reading surface file /homes/4/greve/subjects/mni152.fnirt/surf/lh.orig
Applying linear registration transform
-1.00000   0.00000   0.00000   1.00000;
 0.00000   1.00000   0.00000   0.00000;
 0.00000   0.00000   1.00000   0.00000;
 0.00000   0.00000   0.00000   1.00000;
Determinant of linear transform is negative, so reversing face order
INFO: trgsubject = srcsubject
Saving target data
Reversing Face Order
Tue Jan 14 19:20:15 EST 2014
mri_surf2surf --s mni152.fnirt --sval-xyz white --hemi lh --tval-xyz /homes/4/greve/subjects/mni152.fnirt/xhemi/mri/orig.mgz --tval /homes/4/greve/subjects/mni152.fnirt/xhemi/surf/rh.white --reg /homes/4/greve/subjects/mni152.fnirt/xhemi/lrrev.register.dat

$Id: mri_surf2surf.c,v 1.98 2013/08/29 18:21:10 greve Exp $

setenv SUBJECTS_DIR /homes/4/greve/subjects
cd /autofs/space/crash_001/users/greve/subjects/mni152.fnirt
mri_surf2surf --s mni152.fnirt --sval-xyz white --hemi lh --tval-xyz /homes/4/greve/subjects/mni152.fnirt/xhemi/mri/orig.mgz --tval /homes/4/greve/subjects/mni152.fnirt/xhemi/surf/rh.white --reg /homes/4/greve/subjects/mni152.fnirt/xhemi/lrrev.register.dat 

sysname  Linux
hostname compute-0-3
machine  x86_64
user     greve
srcsubject = mni152.fnirt
srcval     = (null)
srctype    = 
trgsubject = mni152.fnirt
trgval     = /homes/4/greve/subjects/mni152.fnirt/xhemi/surf/rh.white
trgtype    = 
srcsurfreg = sphere.reg
trgsurfreg = sphere.reg
srchemi    = lh
trghemi    = lh
frame      = 0
fwhm-in    = 0
fwhm-out   = 0
label-src  = (null)
label-trg  = (null)
OKToRevFaceOrder  = 1
UseDualHemi = 0
Reading source surface reg /homes/4/greve/subjects/mni152.fnirt/surf/lh.sphere.reg
Loading source data
Reading surface file /homes/4/greve/subjects/mni152.fnirt/surf/lh.white
Applying linear registration transform
-1.00000   0.00000   0.00000   1.00000;
 0.00000   1.00000   0.00000   0.00000;
 0.00000   0.00000   1.00000   0.00000;
 0.00000   0.00000   0.00000   1.00000;
Determinant of linear transform is negative, so reversing face order
INFO: trgsubject = srcsubject
Saving target data
Reversing Face Order
Tue Jan 14 19:20:21 EST 2014
mri_surf2surf --s mni152.fnirt --sval-xyz pial --hemi lh --tval-xyz /homes/4/greve/subjects/mni152.fnirt/xhemi/mri/orig.mgz --tval /homes/4/greve/subjects/mni152.fnirt/xhemi/surf/rh.pial --reg /homes/4/greve/subjects/mni152.fnirt/xhemi/lrrev.register.dat

$Id: mri_surf2surf.c,v 1.98 2013/08/29 18:21:10 greve Exp $

setenv SUBJECTS_DIR /homes/4/greve/subjects
cd /autofs/space/crash_001/users/greve/subjects/mni152.fnirt
mri_surf2surf --s mni152.fnirt --sval-xyz pial --hemi lh --tval-xyz /homes/4/greve/subjects/mni152.fnirt/xhemi/mri/orig.mgz --tval /homes/4/greve/subjects/mni152.fnirt/xhemi/surf/rh.pial --reg /homes/4/greve/subjects/mni152.fnirt/xhemi/lrrev.register.dat 

sysname  Linux
hostname compute-0-3
machine  x86_64
user     greve
srcsubject = mni152.fnirt
srcval     = (null)
srctype    = 
trgsubject = mni152.fnirt
trgval     = /homes/4/greve/subjects/mni152.fnirt/xhemi/surf/rh.pial
trgtype    = 
srcsurfreg = sphere.reg
trgsurfreg = sphere.reg
srchemi    = lh
trghemi    = lh
frame      = 0
fwhm-in    = 0
fwhm-out   = 0
label-src  = (null)
label-trg  = (null)
OKToRevFaceOrder  = 1
UseDualHemi = 0
Reading source surface reg /homes/4/greve/subjects/mni152.fnirt/surf/lh.sphere.reg
Loading source data
Reading surface file /homes/4/greve/subjects/mni152.fnirt/surf/lh.pial
Applying linear registration transform
-1.00000   0.00000   0.00000   1.00000;
 0.00000   1.00000   0.00000   0.00000;
 0.00000   0.00000   1.00000   0.00000;
 0.00000   0.00000   0.00000   1.00000;
Determinant of linear transform is negative, so reversing face order
INFO: trgsubject = srcsubject
Saving target data
Reversing Face Order
Tue Jan 14 19:20:27 EST 2014
mri_surf2surf --s mni152.fnirt --sval-xyz smoothwm --hemi lh --tval-xyz /homes/4/greve/subjects/mni152.fnirt/xhemi/mri/orig.mgz --tval /homes/4/greve/subjects/mni152.fnirt/xhemi/surf/rh.smoothwm --reg /homes/4/greve/subjects/mni152.fnirt/xhemi/lrrev.register.dat

$Id: mri_surf2surf.c,v 1.98 2013/08/29 18:21:10 greve Exp $

setenv SUBJECTS_DIR /homes/4/greve/subjects
cd /autofs/space/crash_001/users/greve/subjects/mni152.fnirt
mri_surf2surf --s mni152.fnirt --sval-xyz smoothwm --hemi lh --tval-xyz /homes/4/greve/subjects/mni152.fnirt/xhemi/mri/orig.mgz --tval /homes/4/greve/subjects/mni152.fnirt/xhemi/surf/rh.smoothwm --reg /homes/4/greve/subjects/mni152.fnirt/xhemi/lrrev.register.dat 

sysname  Linux
hostname compute-0-3
machine  x86_64
user     greve
srcsubject = mni152.fnirt
srcval     = (null)
srctype    = 
trgsubject = mni152.fnirt
trgval     = /homes/4/greve/subjects/mni152.fnirt/xhemi/surf/rh.smoothwm
trgtype    = 
srcsurfreg = sphere.reg
trgsurfreg = sphere.reg
srchemi    = lh
trghemi    = lh
frame      = 0
fwhm-in    = 0
fwhm-out   = 0
label-src  = (null)
label-trg  = (null)
OKToRevFaceOrder  = 1
UseDualHemi = 0
Reading source surface reg /homes/4/greve/subjects/mni152.fnirt/surf/lh.sphere.reg
Loading source data
Reading surface file /homes/4/greve/subjects/mni152.fnirt/surf/lh.smoothwm
Applying linear registration transform
-1.00000   0.00000   0.00000   1.00000;
 0.00000   1.00000   0.00000   0.00000;
 0.00000   0.00000   1.00000   0.00000;
 0.00000   0.00000   0.00000   1.00000;
Determinant of linear transform is negative, so reversing face order
INFO: trgsubject = srcsubject
Saving target data
Reversing Face Order
Tue Jan 14 19:20:33 EST 2014
mri_surf2surf --s mni152.fnirt --sval-xyz sphere --hemi lh --tval-xyz /homes/4/greve/subjects/mni152.fnirt/xhemi/mri/orig.mgz --tval /homes/4/greve/subjects/mni152.fnirt/xhemi/surf/rh.sphere --reg /homes/4/greve/subjects/mni152.fnirt/xhemi/lrrev.pure.register.dat

$Id: mri_surf2surf.c,v 1.98 2013/08/29 18:21:10 greve Exp $

setenv SUBJECTS_DIR /homes/4/greve/subjects
cd /autofs/space/crash_001/users/greve/subjects/mni152.fnirt
mri_surf2surf --s mni152.fnirt --sval-xyz sphere --hemi lh --tval-xyz /homes/4/greve/subjects/mni152.fnirt/xhemi/mri/orig.mgz --tval /homes/4/greve/subjects/mni152.fnirt/xhemi/surf/rh.sphere --reg /homes/4/greve/subjects/mni152.fnirt/xhemi/lrrev.pure.register.dat 

sysname  Linux
hostname compute-0-3
machine  x86_64
user     greve
srcsubject = mni152.fnirt
srcval     = (null)
srctype    = 
trgsubject = mni152.fnirt
trgval     = /homes/4/greve/subjects/mni152.fnirt/xhemi/surf/rh.sphere
trgtype    = 
srcsurfreg = sphere.reg
trgsurfreg = sphere.reg
srchemi    = lh
trghemi    = lh
frame      = 0
fwhm-in    = 0
fwhm-out   = 0
label-src  = (null)
label-trg  = (null)
OKToRevFaceOrder  = 1
UseDualHemi = 0
Reading source surface reg /homes/4/greve/subjects/mni152.fnirt/surf/lh.sphere.reg
Loading source data
Reading surface file /homes/4/greve/subjects/mni152.fnirt/surf/lh.sphere
Applying linear registration transform
-1.00000   0.00000   0.00000   0.00000;
 0.00000   1.00000   0.00000   0.00000;
 0.00000   0.00000   1.00000   0.00000;
 0.00000   0.00000   0.00000   1.00000;
Determinant of linear transform is negative, so reversing face order
INFO: trgsubject = srcsubject
Saving target data
Reversing Face Order
Tue Jan 14 19:20:38 EST 2014
mri_surf2surf --s mni152.fnirt --sval-xyz inflated --hemi lh --tval-xyz /homes/4/greve/subjects/mni152.fnirt/xhemi/mri/orig.mgz --tval /homes/4/greve/subjects/mni152.fnirt/xhemi/surf/rh.inflated --reg /homes/4/greve/subjects/mni152.fnirt/xhemi/lrrev.pure.register.dat

$Id: mri_surf2surf.c,v 1.98 2013/08/29 18:21:10 greve Exp $

setenv SUBJECTS_DIR /homes/4/greve/subjects
cd /autofs/space/crash_001/users/greve/subjects/mni152.fnirt
mri_surf2surf --s mni152.fnirt --sval-xyz inflated --hemi lh --tval-xyz /homes/4/greve/subjects/mni152.fnirt/xhemi/mri/orig.mgz --tval /homes/4/greve/subjects/mni152.fnirt/xhemi/surf/rh.inflated --reg /homes/4/greve/subjects/mni152.fnirt/xhemi/lrrev.pure.register.dat 

sysname  Linux
hostname compute-0-3
machine  x86_64
user     greve
srcsubject = mni152.fnirt
srcval     = (null)
srctype    = 
trgsubject = mni152.fnirt
trgval     = /homes/4/greve/subjects/mni152.fnirt/xhemi/surf/rh.inflated
trgtype    = 
srcsurfreg = sphere.reg
trgsurfreg = sphere.reg
srchemi    = lh
trghemi    = lh
frame      = 0
fwhm-in    = 0
fwhm-out   = 0
label-src  = (null)
label-trg  = (null)
OKToRevFaceOrder  = 1
UseDualHemi = 0
Reading source surface reg /homes/4/greve/subjects/mni152.fnirt/surf/lh.sphere.reg
Loading source data
Reading surface file /homes/4/greve/subjects/mni152.fnirt/surf/lh.inflated
Applying linear registration transform
-1.00000   0.00000   0.00000   0.00000;
 0.00000   1.00000   0.00000   0.00000;
 0.00000   0.00000   1.00000   0.00000;
 0.00000   0.00000   0.00000   1.00000;
Determinant of linear transform is negative, so reversing face order
INFO: trgsubject = srcsubject
Saving target data
Reversing Face Order
cp label/lh.aparc.annot /homes/4/greve/subjects/mni152.fnirt/xhemi/label/rh.aparc.annot
done hemi lh
Logfile is /homes/4/greve/subjects/mni152.fnirt/xhemi/xhemireg.rh.log
/autofs/space/tanha_002/users/greve/fsdev.build/bin/xhemireg
--s mni152.fnirt
$Id: xhemireg,v 1.25 2013/08/29 18:49:33 greve Exp $
Tue Jan 14 19:20:47 EST 2014
Linux compute-0-3 2.6.32-358.23.2.el6.x86_64 #1 SMP Wed Oct 16 18:37:12 UTC 2013 x86_64 x86_64 x86_64 GNU/Linux
/autofs/space/crash_001/users/greve/subjects/mni152.fnirt
setenv SUBJECTS_DIR /homes/4/greve/subjects 
Tue Jan 14 19:20:47 EST 2014
mri_surf2surf --s mni152.fnirt --sval-xyz orig --hemi rh --tval-xyz /homes/4/greve/subjects/mni152.fnirt/xhemi/mri/orig.mgz --tval /homes/4/greve/subjects/mni152.fnirt/xhemi/surf/lh.orig --reg /homes/4/greve/subjects/mni152.fnirt/xhemi/lrrev.register.dat

$Id: mri_surf2surf.c,v 1.98 2013/08/29 18:21:10 greve Exp $

setenv SUBJECTS_DIR /homes/4/greve/subjects
cd /autofs/space/crash_001/users/greve/subjects/mni152.fnirt
mri_surf2surf --s mni152.fnirt --sval-xyz orig --hemi rh --tval-xyz /homes/4/greve/subjects/mni152.fnirt/xhemi/mri/orig.mgz --tval /homes/4/greve/subjects/mni152.fnirt/xhemi/surf/lh.orig --reg /homes/4/greve/subjects/mni152.fnirt/xhemi/lrrev.register.dat 

sysname  Linux
hostname compute-0-3
machine  x86_64
user     greve
srcsubject = mni152.fnirt
srcval     = (null)
srctype    = 
trgsubject = mni152.fnirt
trgval     = /homes/4/greve/subjects/mni152.fnirt/xhemi/surf/lh.orig
trgtype    = 
srcsurfreg = sphere.reg
trgsurfreg = sphere.reg
srchemi    = rh
trghemi    = rh
frame      = 0
fwhm-in    = 0
fwhm-out   = 0
label-src  = (null)
label-trg  = (null)
OKToRevFaceOrder  = 1
UseDualHemi = 0
Reading source surface reg /homes/4/greve/subjects/mni152.fnirt/surf/rh.sphere.reg
Loading source data
Reading surface file /homes/4/greve/subjects/mni152.fnirt/surf/rh.orig
Applying linear registration transform
-1.00000   0.00000   0.00000   1.00000;
 0.00000   1.00000   0.00000   0.00000;
 0.00000   0.00000   1.00000   0.00000;
 0.00000   0.00000   0.00000   1.00000;
Determinant of linear transform is negative, so reversing face order
INFO: trgsubject = srcsubject
Saving target data
Reversing Face Order
Tue Jan 14 19:20:53 EST 2014
mri_surf2surf --s mni152.fnirt --sval-xyz white --hemi rh --tval-xyz /homes/4/greve/subjects/mni152.fnirt/xhemi/mri/orig.mgz --tval /homes/4/greve/subjects/mni152.fnirt/xhemi/surf/lh.white --reg /homes/4/greve/subjects/mni152.fnirt/xhemi/lrrev.register.dat

$Id: mri_surf2surf.c,v 1.98 2013/08/29 18:21:10 greve Exp $

setenv SUBJECTS_DIR /homes/4/greve/subjects
cd /autofs/space/crash_001/users/greve/subjects/mni152.fnirt
mri_surf2surf --s mni152.fnirt --sval-xyz white --hemi rh --tval-xyz /homes/4/greve/subjects/mni152.fnirt/xhemi/mri/orig.mgz --tval /homes/4/greve/subjects/mni152.fnirt/xhemi/surf/lh.white --reg /homes/4/greve/subjects/mni152.fnirt/xhemi/lrrev.register.dat 

sysname  Linux
hostname compute-0-3
machine  x86_64
user     greve
srcsubject = mni152.fnirt
srcval     = (null)
srctype    = 
trgsubject = mni152.fnirt
trgval     = /homes/4/greve/subjects/mni152.fnirt/xhemi/surf/lh.white
trgtype    = 
srcsurfreg = sphere.reg
trgsurfreg = sphere.reg
srchemi    = rh
trghemi    = rh
frame      = 0
fwhm-in    = 0
fwhm-out   = 0
label-src  = (null)
label-trg  = (null)
OKToRevFaceOrder  = 1
UseDualHemi = 0
Reading source surface reg /homes/4/greve/subjects/mni152.fnirt/surf/rh.sphere.reg
Loading source data
Reading surface file /homes/4/greve/subjects/mni152.fnirt/surf/rh.white
Applying linear registration transform
-1.00000   0.00000   0.00000   1.00000;
 0.00000   1.00000   0.00000   0.00000;
 0.00000   0.00000   1.00000   0.00000;
 0.00000   0.00000   0.00000   1.00000;
Determinant of linear transform is negative, so reversing face order
INFO: trgsubject = srcsubject
Saving target data
Reversing Face Order
Tue Jan 14 19:20:59 EST 2014
mri_surf2surf --s mni152.fnirt --sval-xyz pial --hemi rh --tval-xyz /homes/4/greve/subjects/mni152.fnirt/xhemi/mri/orig.mgz --tval /homes/4/greve/subjects/mni152.fnirt/xhemi/surf/lh.pial --reg /homes/4/greve/subjects/mni152.fnirt/xhemi/lrrev.register.dat

$Id: mri_surf2surf.c,v 1.98 2013/08/29 18:21:10 greve Exp $

setenv SUBJECTS_DIR /homes/4/greve/subjects
cd /autofs/space/crash_001/users/greve/subjects/mni152.fnirt
mri_surf2surf --s mni152.fnirt --sval-xyz pial --hemi rh --tval-xyz /homes/4/greve/subjects/mni152.fnirt/xhemi/mri/orig.mgz --tval /homes/4/greve/subjects/mni152.fnirt/xhemi/surf/lh.pial --reg /homes/4/greve/subjects/mni152.fnirt/xhemi/lrrev.register.dat 

sysname  Linux
hostname compute-0-3
machine  x86_64
user     greve
srcsubject = mni152.fnirt
srcval     = (null)
srctype    = 
trgsubject = mni152.fnirt
trgval     = /homes/4/greve/subjects/mni152.fnirt/xhemi/surf/lh.pial
trgtype    = 
srcsurfreg = sphere.reg
trgsurfreg = sphere.reg
srchemi    = rh
trghemi    = rh
frame      = 0
fwhm-in    = 0
fwhm-out   = 0
label-src  = (null)
label-trg  = (null)
OKToRevFaceOrder  = 1
UseDualHemi = 0
Reading source surface reg /homes/4/greve/subjects/mni152.fnirt/surf/rh.sphere.reg
Loading source data
Reading surface file /homes/4/greve/subjects/mni152.fnirt/surf/rh.pial
Applying linear registration transform
-1.00000   0.00000   0.00000   1.00000;
 0.00000   1.00000   0.00000   0.00000;
 0.00000   0.00000   1.00000   0.00000;
 0.00000   0.00000   0.00000   1.00000;
Determinant of linear transform is negative, so reversing face order
INFO: trgsubject = srcsubject
Saving target data
Reversing Face Order
Tue Jan 14 19:21:05 EST 2014
mri_surf2surf --s mni152.fnirt --sval-xyz smoothwm --hemi rh --tval-xyz /homes/4/greve/subjects/mni152.fnirt/xhemi/mri/orig.mgz --tval /homes/4/greve/subjects/mni152.fnirt/xhemi/surf/lh.smoothwm --reg /homes/4/greve/subjects/mni152.fnirt/xhemi/lrrev.register.dat

$Id: mri_surf2surf.c,v 1.98 2013/08/29 18:21:10 greve Exp $

setenv SUBJECTS_DIR /homes/4/greve/subjects
cd /autofs/space/crash_001/users/greve/subjects/mni152.fnirt
mri_surf2surf --s mni152.fnirt --sval-xyz smoothwm --hemi rh --tval-xyz /homes/4/greve/subjects/mni152.fnirt/xhemi/mri/orig.mgz --tval /homes/4/greve/subjects/mni152.fnirt/xhemi/surf/lh.smoothwm --reg /homes/4/greve/subjects/mni152.fnirt/xhemi/lrrev.register.dat 

sysname  Linux
hostname compute-0-3
machine  x86_64
user     greve
srcsubject = mni152.fnirt
srcval     = (null)
srctype    = 
trgsubject = mni152.fnirt
trgval     = /homes/4/greve/subjects/mni152.fnirt/xhemi/surf/lh.smoothwm
trgtype    = 
srcsurfreg = sphere.reg
trgsurfreg = sphere.reg
srchemi    = rh
trghemi    = rh
frame      = 0
fwhm-in    = 0
fwhm-out   = 0
label-src  = (null)
label-trg  = (null)
OKToRevFaceOrder  = 1
UseDualHemi = 0
Reading source surface reg /homes/4/greve/subjects/mni152.fnirt/surf/rh.sphere.reg
Loading source data
Reading surface file /homes/4/greve/subjects/mni152.fnirt/surf/rh.smoothwm
Applying linear registration transform
-1.00000   0.00000   0.00000   1.00000;
 0.00000   1.00000   0.00000   0.00000;
 0.00000   0.00000   1.00000   0.00000;
 0.00000   0.00000   0.00000   1.00000;
Determinant of linear transform is negative, so reversing face order
INFO: trgsubject = srcsubject
Saving target data
Reversing Face Order
Tue Jan 14 19:21:11 EST 2014
mri_surf2surf --s mni152.fnirt --sval-xyz sphere --hemi rh --tval-xyz /homes/4/greve/subjects/mni152.fnirt/xhemi/mri/orig.mgz --tval /homes/4/greve/subjects/mni152.fnirt/xhemi/surf/lh.sphere --reg /homes/4/greve/subjects/mni152.fnirt/xhemi/lrrev.pure.register.dat

$Id: mri_surf2surf.c,v 1.98 2013/08/29 18:21:10 greve Exp $

setenv SUBJECTS_DIR /homes/4/greve/subjects
cd /autofs/space/crash_001/users/greve/subjects/mni152.fnirt
mri_surf2surf --s mni152.fnirt --sval-xyz sphere --hemi rh --tval-xyz /homes/4/greve/subjects/mni152.fnirt/xhemi/mri/orig.mgz --tval /homes/4/greve/subjects/mni152.fnirt/xhemi/surf/lh.sphere --reg /homes/4/greve/subjects/mni152.fnirt/xhemi/lrrev.pure.register.dat 

sysname  Linux
hostname compute-0-3
machine  x86_64
user     greve
srcsubject = mni152.fnirt
srcval     = (null)
srctype    = 
trgsubject = mni152.fnirt
trgval     = /homes/4/greve/subjects/mni152.fnirt/xhemi/surf/lh.sphere
trgtype    = 
srcsurfreg = sphere.reg
trgsurfreg = sphere.reg
srchemi    = rh
trghemi    = rh
frame      = 0
fwhm-in    = 0
fwhm-out   = 0
label-src  = (null)
label-trg  = (null)
OKToRevFaceOrder  = 1
UseDualHemi = 0
Reading source surface reg /homes/4/greve/subjects/mni152.fnirt/surf/rh.sphere.reg
Loading source data
Reading surface file /homes/4/greve/subjects/mni152.fnirt/surf/rh.sphere
Applying linear registration transform
-1.00000   0.00000   0.00000   0.00000;
 0.00000   1.00000   0.00000   0.00000;
 0.00000   0.00000   1.00000   0.00000;
 0.00000   0.00000   0.00000   1.00000;
Determinant of linear transform is negative, so reversing face order
INFO: trgsubject = srcsubject
Saving target data
Reversing Face Order
Tue Jan 14 19:21:17 EST 2014
mri_surf2surf --s mni152.fnirt --sval-xyz inflated --hemi rh --tval-xyz /homes/4/greve/subjects/mni152.fnirt/xhemi/mri/orig.mgz --tval /homes/4/greve/subjects/mni152.fnirt/xhemi/surf/lh.inflated --reg /homes/4/greve/subjects/mni152.fnirt/xhemi/lrrev.pure.register.dat

$Id: mri_surf2surf.c,v 1.98 2013/08/29 18:21:10 greve Exp $

setenv SUBJECTS_DIR /homes/4/greve/subjects
cd /autofs/space/crash_001/users/greve/subjects/mni152.fnirt
mri_surf2surf --s mni152.fnirt --sval-xyz inflated --hemi rh --tval-xyz /homes/4/greve/subjects/mni152.fnirt/xhemi/mri/orig.mgz --tval /homes/4/greve/subjects/mni152.fnirt/xhemi/surf/lh.inflated --reg /homes/4/greve/subjects/mni152.fnirt/xhemi/lrrev.pure.register.dat 

sysname  Linux
hostname compute-0-3
machine  x86_64
user     greve
srcsubject = mni152.fnirt
srcval     = (null)
srctype    = 
trgsubject = mni152.fnirt
trgval     = /homes/4/greve/subjects/mni152.fnirt/xhemi/surf/lh.inflated
trgtype    = 
srcsurfreg = sphere.reg
trgsurfreg = sphere.reg
srchemi    = rh
trghemi    = rh
frame      = 0
fwhm-in    = 0
fwhm-out   = 0
label-src  = (null)
label-trg  = (null)
OKToRevFaceOrder  = 1
UseDualHemi = 0
Reading source surface reg /homes/4/greve/subjects/mni152.fnirt/surf/rh.sphere.reg
Loading source data
Reading surface file /homes/4/greve/subjects/mni152.fnirt/surf/rh.inflated
Applying linear registration transform
-1.00000   0.00000   0.00000   0.00000;
 0.00000   1.00000   0.00000   0.00000;
 0.00000   0.00000   1.00000   0.00000;
 0.00000   0.00000   0.00000   1.00000;
Determinant of linear transform is negative, so reversing face order
INFO: trgsubject = srcsubject
Saving target data
Reversing Face Order
cp label/rh.aparc.annot /homes/4/greve/subjects/mni152.fnirt/xhemi/label/lh.aparc.annot
done hemi rh

Tue Jan 14 19:21:26 EST 2014
xhemireg done
#@# lh Tue Jan 14 19:21:26 EST 2014
#CMD# mris_register -curv -annot aparc.annot /homes/4/greve/subjects/mni152.fnirt/xhemi/surf/lh.sphere /homes/4/greve/subjects/fsaverage_sym/lh.reg.template.tif /homes/4/greve/subjects/mni152.fnirt/xhemi/surf/lh.fsaverage_sym.sphere.reg
using smoothwm curvature for final alignment
zeroing medial wall in aparc.annot

cwd /autofs/space/crash_001/users/greve/subjects
cmdline mris_register -curv -annot aparc.annot /homes/4/greve/subjects/mni152.fnirt/xhemi/surf/lh.sphere /homes/4/greve/subjects/fsaverage_sym/lh.reg.template.tif /homes/4/greve/subjects/mni152.fnirt/xhemi/surf/lh.fsaverage_sym.sphere.reg 

0 inflated.H
1 sulc
2 (null)
$Id: mris_register.c,v 1.61 2013/01/15 17:19:03 greve Exp $
  $Id: mrisurf.c,v 1.752 2013/12/19 21:50:47 fischl Exp $
reading surface from /homes/4/greve/subjects/mni152.fnirt/xhemi/surf/lh.sphere...
reading colortable from annotation file...
colortable with 36 entries read (originally /autofs/space/amaebi_026/users/buckner_cortical_atlas/scripts/colortable_final.txt)
reading template parameterization from /homes/4/greve/subjects/fsaverage_sym/lh.reg.template.tif...
ripping medial wall...
MRISregister() -------
max_passes = 4 
min_degrees = 0.500000 
max_degrees = 64.000000 
nangles = 8 
tol=5.0e-01, sigma=0.0, host=compu, nav=1024, nbrs=1, l_extern=10000.000, l_parea=0.200, l_nlarea=1.000, l_corr=1.000, l_dist=5.000
using quadratic fit line minimization
complete_dist_mat 0
rms 0
smooth_averages 0
remove_neg 0
ico_order 0
which_surface 0
target_radius 0.000000
nfields 0
scale 0.000000
desired_rms_height -1.000000
momentum 0.950000
nbhd_size -10
max_nbrs 10
niterations 25
nsurfaces 0
SURFACES 3
flags 16 (10)
use curv 16
no sulc 0
no rigid align 0
mris->nsize 1
mris->hemisphere 0
randomSeed 0

tol=5.0e-01, sigma=0.0, host=compu, nav=1024, nbrs=1, l_extern=10000.000, l_parea=0.200, l_nlarea=1.000, l_corr=1.000, l_dist=5.000
using quadratic fit line minimization
--------------------
1 Reading lh.sulc
curvature mean = -0.005, std = 0.648
curvature mean = 0.068, std = 0.808
curvature mean = 0.023, std = 0.862
Starting MRISrigidBodyAlignGlobal()
  d=64.00 min @ (0.00, 0.00, 16.00) sse = 262422.3, tmin=1.2839
  d=32.00 min @ (0.00, -8.00, 0.00) sse = 201575.8, tmin=2.5770
  d=16.00 min @ (4.00, 4.00, 0.00) sse = 197820.5, tmin=3.8735
  d=8.00 min @ (-2.00, -2.00, -2.00) sse = 179952.7, tmin=5.2734
  d=2.00 min @ (0.50, 0.50, 0.50) sse = 179277.8, tmin=8.1421
  d=1.00 min @ (0.00, -0.25, -0.25) sse = 179107.9, tmin=9.5437
tol=1.0e+00, sigma=0.5, host=compu, nav=1024, nbrs=1, l_extern=10000.000, l_parea=0.200, l_nlarea=1.000, l_corr=0.050, l_spring=0.500, l_dist=5.000
using quadratic fit line minimization
MRISrigidBodyAlignGlobal() done  10.95 min
curvature mean = 0.033, std = 0.823
curvature mean = 0.007, std = 0.945
curvature mean = 0.028, std = 0.835
curvature mean = 0.003, std = 0.977
curvature mean = 0.026, std = 0.837
curvature mean = 0.001, std = 0.990
2 Reading smoothwm
curvature mean = -0.026, std = 0.190
curvature mean = 0.033, std = 0.124
curvature mean = 0.049, std = 0.487
curvature mean = 0.032, std = 0.152
curvature mean = 0.019, std = 0.690
curvature mean = 0.032, std = 0.167
curvature mean = 0.007, std = 0.827
curvature mean = 0.031, std = 0.173
curvature mean = 0.001, std = 0.910
MRISregister() return, current seed 0
writing registered surface to /homes/4/greve/subjects/mni152.fnirt/xhemi/surf/lh.fsaverage_sym.sphere.reg...
registration took 1.58 hours
surfreg-Run-Time-Hours mni152.fnirt lh 1 1.68
Tue Jan 14 20:56:22 EST 2014
surfreg done
