/autofs/space/tanha_002/users/greve/fsdev.build/bin/xhemireg
--s mni152.fnirt
$Id: xhemireg,v 1.25 2013/08/29 18:49:33 greve Exp $
Tue Jan 14 19:15:23 EST 2014
Linux compute-0-3 2.6.32-358.23.2.el6.x86_64 #1 SMP Wed Oct 16 18:37:12 UTC 2013 x86_64 x86_64 x86_64 GNU/Linux
/autofs/space/crash_001/users/greve/subjects/mni152.fnirt
setenv SUBJECTS_DIR /homes/4/greve/subjects 
Tue Jan 14 19:15:23 EST 2014
Tue Jan 14 19:15:23 EST 2014
vol orig --------------
mri_vol2vol --mov mri/orig.mgz --targ mri/orig.mgz --reg /homes/4/greve/subjects/mni152.fnirt/xhemi/lrrev.register.dat --o /homes/4/greve/subjects/mni152.fnirt/xhemi/mri/orig.mgz --keep-precision --no-save-reg

Matrix from regfile:
-1.00000   0.00000   0.00000   1.00000;
 0.00000   1.00000   0.00000   0.00000;
 0.00000   0.00000   1.00000   0.00000;
 0.00000   0.00000   0.00000   1.00000;

movvol mri/orig.mgz
targvol mri/orig.mgz
outvol /homes/4/greve/subjects/mni152.fnirt/xhemi/mri/orig.mgz
regfile /homes/4/greve/subjects/mni152.fnirt/xhemi/lrrev.register.dat
invert 0
tal    0
talres 2
regheader 0
noresample 0
interp  trilinear (1)
precision  uchar (0)
Gdiag_no  -1
Synth      0
SynthSeed  1390703033
Resampling
Output registration matrix is identity

mri_vol2vol done
vol T1 --------------
mri_vol2vol --mov mri/T1.mgz --targ mri/T1.mgz --reg /homes/4/greve/subjects/mni152.fnirt/xhemi/lrrev.register.dat --o /homes/4/greve/subjects/mni152.fnirt/xhemi/mri/T1.mgz --keep-precision --no-save-reg

Matrix from regfile:
-1.00000   0.00000   0.00000   1.00000;
 0.00000   1.00000   0.00000   0.00000;
 0.00000   0.00000   1.00000   0.00000;
 0.00000   0.00000   0.00000   1.00000;

movvol mri/T1.mgz
targvol mri/T1.mgz
outvol /homes/4/greve/subjects/mni152.fnirt/xhemi/mri/T1.mgz
regfile /homes/4/greve/subjects/mni152.fnirt/xhemi/lrrev.register.dat
invert 0
tal    0
talres 2
regheader 0
noresample 0
interp  trilinear (1)
precision  uchar (0)
Gdiag_no  -1
Synth      0
SynthSeed  1390682453
Resampling
Output registration matrix is identity

mri_vol2vol done
vol brain --------------
mri_vol2vol --mov mri/brain.mgz --targ mri/brain.mgz --reg /homes/4/greve/subjects/mni152.fnirt/xhemi/lrrev.register.dat --o /homes/4/greve/subjects/mni152.fnirt/xhemi/mri/brain.mgz --keep-precision --no-save-reg

Matrix from regfile:
-1.00000   0.00000   0.00000   1.00000;
 0.00000   1.00000   0.00000   0.00000;
 0.00000   0.00000   1.00000   0.00000;
 0.00000   0.00000   0.00000   1.00000;

movvol mri/brain.mgz
targvol mri/brain.mgz
outvol /homes/4/greve/subjects/mni152.fnirt/xhemi/mri/brain.mgz
regfile /homes/4/greve/subjects/mni152.fnirt/xhemi/lrrev.register.dat
invert 0
tal    0
talres 2
regheader 0
noresample 0
interp  trilinear (1)
precision  uchar (0)
Gdiag_no  -1
Synth      0
SynthSeed  1390216362
Resampling
Output registration matrix is identity

mri_vol2vol done
vol brainmask --------------
mri_vol2vol --mov mri/brainmask.mgz --targ mri/brainmask.mgz --reg /homes/4/greve/subjects/mni152.fnirt/xhemi/lrrev.register.dat --o /homes/4/greve/subjects/mni152.fnirt/xhemi/mri/brainmask.mgz --keep-precision --no-save-reg

Matrix from regfile:
-1.00000   0.00000   0.00000   1.00000;
 0.00000   1.00000   0.00000   0.00000;
 0.00000   0.00000   1.00000   0.00000;
 0.00000   0.00000   0.00000   1.00000;

movvol mri/brainmask.mgz
targvol mri/brainmask.mgz
outvol /homes/4/greve/subjects/mni152.fnirt/xhemi/mri/brainmask.mgz
regfile /homes/4/greve/subjects/mni152.fnirt/xhemi/lrrev.register.dat
invert 0
tal    0
talres 2
regheader 0
noresample 0
interp  trilinear (1)
precision  uchar (0)
Gdiag_no  -1
Synth      0
SynthSeed  1390381660
Resampling
Output registration matrix is identity

mri_vol2vol done
vol norm --------------
mri_vol2vol --mov mri/norm.mgz --targ mri/norm.mgz --reg /homes/4/greve/subjects/mni152.fnirt/xhemi/lrrev.register.dat --o /homes/4/greve/subjects/mni152.fnirt/xhemi/mri/norm.mgz --keep-precision --no-save-reg

Matrix from regfile:
-1.00000   0.00000   0.00000   1.00000;
 0.00000   1.00000   0.00000   0.00000;
 0.00000   0.00000   1.00000   0.00000;
 0.00000   0.00000   0.00000   1.00000;

movvol mri/norm.mgz
targvol mri/norm.mgz
outvol /homes/4/greve/subjects/mni152.fnirt/xhemi/mri/norm.mgz
regfile /homes/4/greve/subjects/mni152.fnirt/xhemi/lrrev.register.dat
invert 0
tal    0
talres 2
regheader 0
noresample 0
interp  trilinear (1)
precision  uchar (0)
Gdiag_no  -1
Synth      0
SynthSeed  1390401943
Resampling
Output registration matrix is identity

mri_vol2vol done
vol aseg --------------
mri_vol2vol --mov mri/aseg.mgz --targ mri/aseg.mgz --reg /homes/4/greve/subjects/mni152.fnirt/xhemi/lrrev.register.dat --o /homes/4/greve/subjects/mni152.fnirt/xhemi/mri/aseg.mgz --keep-precision --no-save-reg

Matrix from regfile:
-1.00000   0.00000   0.00000   1.00000;
 0.00000   1.00000   0.00000   0.00000;
 0.00000   0.00000   1.00000   0.00000;
 0.00000   0.00000   0.00000   1.00000;

movvol mri/aseg.mgz
targvol mri/aseg.mgz
outvol /homes/4/greve/subjects/mni152.fnirt/xhemi/mri/aseg.mgz
regfile /homes/4/greve/subjects/mni152.fnirt/xhemi/lrrev.register.dat
invert 0
tal    0
talres 2
regheader 0
noresample 0
interp  trilinear (1)
precision  uchar (0)
Gdiag_no  -1
Synth      0
SynthSeed  1390257465
Resampling
Output registration matrix is identity

mri_vol2vol done
mri_convert /homes/4/greve/subjects/mni152.fnirt/xhemi/mri/aseg.mgz /homes/4/greve/subjects/mni152.fnirt/xhemi/mri/aseg.mgz --left-right-swap-label
mri_convert /homes/4/greve/subjects/mni152.fnirt/xhemi/mri/aseg.mgz /homes/4/greve/subjects/mni152.fnirt/xhemi/mri/aseg.mgz --left-right-swap-label 
$Id: mri_convert.c,v 1.206 2013/11/12 03:15:51 greve Exp $
reading from /homes/4/greve/subjects/mni152.fnirt/xhemi/mri/aseg.mgz...
Performing left-right swap of labels
TR=1000.00, TE=0.00, TI=0.00, flip angle=0.00
i_ras = (-1, 0, 0)
j_ras = (0, 0, -1)
k_ras = (0, 1, 0)
writing to /homes/4/greve/subjects/mni152.fnirt/xhemi/mri/aseg.mgz...
vol aparc+aseg --------------
mri_vol2vol --mov mri/aparc+aseg.mgz --targ mri/aparc+aseg.mgz --reg /homes/4/greve/subjects/mni152.fnirt/xhemi/lrrev.register.dat --o /homes/4/greve/subjects/mni152.fnirt/xhemi/mri/aparc+aseg.mgz --keep-precision --no-save-reg

Matrix from regfile:
-1.00000   0.00000   0.00000   1.00000;
 0.00000   1.00000   0.00000   0.00000;
 0.00000   0.00000   1.00000   0.00000;
 0.00000   0.00000   0.00000   1.00000;

movvol mri/aparc+aseg.mgz
targvol mri/aparc+aseg.mgz
outvol /homes/4/greve/subjects/mni152.fnirt/xhemi/mri/aparc+aseg.mgz
regfile /homes/4/greve/subjects/mni152.fnirt/xhemi/lrrev.register.dat
invert 0
tal    0
talres 2
regheader 0
noresample 0
interp  trilinear (1)
precision  int (1)
Gdiag_no  -1
Synth      0
SynthSeed  1390010110
Resampling
Output registration matrix is identity

mri_vol2vol done
mri_convert /homes/4/greve/subjects/mni152.fnirt/xhemi/mri/aparc+aseg.mgz /homes/4/greve/subjects/mni152.fnirt/xhemi/mri/aparc+aseg.mgz --left-right-swap-label
mri_convert /homes/4/greve/subjects/mni152.fnirt/xhemi/mri/aparc+aseg.mgz /homes/4/greve/subjects/mni152.fnirt/xhemi/mri/aparc+aseg.mgz --left-right-swap-label 
$Id: mri_convert.c,v 1.206 2013/11/12 03:15:51 greve Exp $
reading from /homes/4/greve/subjects/mni152.fnirt/xhemi/mri/aparc+aseg.mgz...
Performing left-right swap of labels
TR=1000.00, TE=0.00, TI=0.00, flip angle=0.00
i_ras = (-1, 0, 0)
j_ras = (0, 0, -1)
k_ras = (0, 1, 0)
writing to /homes/4/greve/subjects/mni152.fnirt/xhemi/mri/aparc+aseg.mgz...
vol nu --------------
mri_vol2vol --mov mri/nu.mgz --targ mri/nu.mgz --reg /homes/4/greve/subjects/mni152.fnirt/xhemi/lrrev.register.dat --o /homes/4/greve/subjects/mni152.fnirt/xhemi/mri/nu.mgz --keep-precision --no-save-reg

Matrix from regfile:
-1.00000   0.00000   0.00000   1.00000;
 0.00000   1.00000   0.00000   0.00000;
 0.00000   0.00000   1.00000   0.00000;
 0.00000   0.00000   0.00000   1.00000;

movvol mri/nu.mgz
targvol mri/nu.mgz
outvol /homes/4/greve/subjects/mni152.fnirt/xhemi/mri/nu.mgz
regfile /homes/4/greve/subjects/mni152.fnirt/xhemi/lrrev.register.dat
invert 0
tal    0
talres 2
regheader 0
noresample 0
interp  trilinear (1)
precision  uchar (0)
Gdiag_no  -1
Synth      0
SynthSeed  1390426883
Resampling
Output registration matrix is identity

mri_vol2vol done
Tue Jan 14 19:16:21 EST 2014
recon-all -sb mni152.fnirt/xhemi -talairach
Subject Stamp: freesurfer-x86_64-unknown-linux-gnu-dev5-20140107
Current Stamp: freesurfer-x86_64-unknown-linux-gnu-dev5-20140107
INFO: SUBJECTS_DIR is /autofs/space/crash_002/users/greve/space-greve-1/subjects
Actual FREESURFER_HOME /autofs/space/tanha_002/users/greve/fsdev.build
Linux compute-0-3 2.6.32-358.23.2.el6.x86_64 #1 SMP Wed Oct 16 18:37:12 UTC 2013 x86_64 x86_64 x86_64 GNU/Linux
#--------------------------------------------
#@# Talairach Tue Jan 14 19:16:42 EST 2014
/autofs/space/crash_001/users/greve/subjects/mni152.fnirt/xhemi/mri

 mri_nu_correct.mni --n 1 --proto-iters 1000 --distance 50 --no-rescale --i orig.mgz --o orig_nu.mgz 


 talairach_avi --i orig_nu.mgz --xfm transforms/talairach.auto.xfm 


 cp transforms/talairach.auto.xfm transforms/talairach.xfm 


#------------------------------------------

Started at Tue Jan 14 19:16:21 EST 2014 
Ended   at Tue Jan 14 19:20:08 EST 2014
#@#%# recon-all-run-time-hours 0.063
recon-all -s mni152.fnirt/xhemi finished without error at Tue Jan 14 19:20:08 EST 2014
done
Tue Jan 14 19:20:08 EST 2014
mri_surf2surf --s mni152.fnirt --sval-xyz orig --hemi lh --tval-xyz /homes/4/greve/subjects/mni152.fnirt/xhemi/mri/orig.mgz --tval /homes/4/greve/subjects/mni152.fnirt/xhemi/surf/rh.orig --reg /homes/4/greve/subjects/mni152.fnirt/xhemi/lrrev.register.dat

$Id: mri_surf2surf.c,v 1.98 2013/08/29 18:21:10 greve Exp $

setenv SUBJECTS_DIR /homes/4/greve/subjects
cd /autofs/space/crash_001/users/greve/subjects/mni152.fnirt
mri_surf2surf --s mni152.fnirt --sval-xyz orig --hemi lh --tval-xyz /homes/4/greve/subjects/mni152.fnirt/xhemi/mri/orig.mgz --tval /homes/4/greve/subjects/mni152.fnirt/xhemi/surf/rh.orig --reg /homes/4/greve/subjects/mni152.fnirt/xhemi/lrrev.register.dat 

sysname  Linux
hostname compute-0-3
machine  x86_64
user     greve
srcsubject = mni152.fnirt
srcval     = (null)
srctype    = 
trgsubject = mni152.fnirt
trgval     = /homes/4/greve/subjects/mni152.fnirt/xhemi/surf/rh.orig
trgtype    = 
srcsurfreg = sphere.reg
trgsurfreg = sphere.reg
srchemi    = lh
trghemi    = lh
frame      = 0
fwhm-in    = 0
fwhm-out   = 0
label-src  = (null)
label-trg  = (null)
OKToRevFaceOrder  = 1
UseDualHemi = 0
Reading source surface reg /homes/4/greve/subjects/mni152.fnirt/surf/lh.sphere.reg
Loading source data
Reading surface file /homes/4/greve/subjects/mni152.fnirt/surf/lh.orig
Applying linear registration transform
-1.00000   0.00000   0.00000   1.00000;
 0.00000   1.00000   0.00000   0.00000;
 0.00000   0.00000   1.00000   0.00000;
 0.00000   0.00000   0.00000   1.00000;
Determinant of linear transform is negative, so reversing face order
INFO: trgsubject = srcsubject
Saving target data
Reversing Face Order
Tue Jan 14 19:20:15 EST 2014
mri_surf2surf --s mni152.fnirt --sval-xyz white --hemi lh --tval-xyz /homes/4/greve/subjects/mni152.fnirt/xhemi/mri/orig.mgz --tval /homes/4/greve/subjects/mni152.fnirt/xhemi/surf/rh.white --reg /homes/4/greve/subjects/mni152.fnirt/xhemi/lrrev.register.dat

$Id: mri_surf2surf.c,v 1.98 2013/08/29 18:21:10 greve Exp $

setenv SUBJECTS_DIR /homes/4/greve/subjects
cd /autofs/space/crash_001/users/greve/subjects/mni152.fnirt
mri_surf2surf --s mni152.fnirt --sval-xyz white --hemi lh --tval-xyz /homes/4/greve/subjects/mni152.fnirt/xhemi/mri/orig.mgz --tval /homes/4/greve/subjects/mni152.fnirt/xhemi/surf/rh.white --reg /homes/4/greve/subjects/mni152.fnirt/xhemi/lrrev.register.dat 

sysname  Linux
hostname compute-0-3
machine  x86_64
user     greve
srcsubject = mni152.fnirt
srcval     = (null)
srctype    = 
trgsubject = mni152.fnirt
trgval     = /homes/4/greve/subjects/mni152.fnirt/xhemi/surf/rh.white
trgtype    = 
srcsurfreg = sphere.reg
trgsurfreg = sphere.reg
srchemi    = lh
trghemi    = lh
frame      = 0
fwhm-in    = 0
fwhm-out   = 0
label-src  = (null)
label-trg  = (null)
OKToRevFaceOrder  = 1
UseDualHemi = 0
Reading source surface reg /homes/4/greve/subjects/mni152.fnirt/surf/lh.sphere.reg
Loading source data
Reading surface file /homes/4/greve/subjects/mni152.fnirt/surf/lh.white
Applying linear registration transform
-1.00000   0.00000   0.00000   1.00000;
 0.00000   1.00000   0.00000   0.00000;
 0.00000   0.00000   1.00000   0.00000;
 0.00000   0.00000   0.00000   1.00000;
Determinant of linear transform is negative, so reversing face order
INFO: trgsubject = srcsubject
Saving target data
Reversing Face Order
Tue Jan 14 19:20:21 EST 2014
mri_surf2surf --s mni152.fnirt --sval-xyz pial --hemi lh --tval-xyz /homes/4/greve/subjects/mni152.fnirt/xhemi/mri/orig.mgz --tval /homes/4/greve/subjects/mni152.fnirt/xhemi/surf/rh.pial --reg /homes/4/greve/subjects/mni152.fnirt/xhemi/lrrev.register.dat

$Id: mri_surf2surf.c,v 1.98 2013/08/29 18:21:10 greve Exp $

setenv SUBJECTS_DIR /homes/4/greve/subjects
cd /autofs/space/crash_001/users/greve/subjects/mni152.fnirt
mri_surf2surf --s mni152.fnirt --sval-xyz pial --hemi lh --tval-xyz /homes/4/greve/subjects/mni152.fnirt/xhemi/mri/orig.mgz --tval /homes/4/greve/subjects/mni152.fnirt/xhemi/surf/rh.pial --reg /homes/4/greve/subjects/mni152.fnirt/xhemi/lrrev.register.dat 

sysname  Linux
hostname compute-0-3
machine  x86_64
user     greve
srcsubject = mni152.fnirt
srcval     = (null)
srctype    = 
trgsubject = mni152.fnirt
trgval     = /homes/4/greve/subjects/mni152.fnirt/xhemi/surf/rh.pial
trgtype    = 
srcsurfreg = sphere.reg
trgsurfreg = sphere.reg
srchemi    = lh
trghemi    = lh
frame      = 0
fwhm-in    = 0
fwhm-out   = 0
label-src  = (null)
label-trg  = (null)
OKToRevFaceOrder  = 1
UseDualHemi = 0
Reading source surface reg /homes/4/greve/subjects/mni152.fnirt/surf/lh.sphere.reg
Loading source data
Reading surface file /homes/4/greve/subjects/mni152.fnirt/surf/lh.pial
Applying linear registration transform
-1.00000   0.00000   0.00000   1.00000;
 0.00000   1.00000   0.00000   0.00000;
 0.00000   0.00000   1.00000   0.00000;
 0.00000   0.00000   0.00000   1.00000;
Determinant of linear transform is negative, so reversing face order
INFO: trgsubject = srcsubject
Saving target data
Reversing Face Order
Tue Jan 14 19:20:27 EST 2014
mri_surf2surf --s mni152.fnirt --sval-xyz smoothwm --hemi lh --tval-xyz /homes/4/greve/subjects/mni152.fnirt/xhemi/mri/orig.mgz --tval /homes/4/greve/subjects/mni152.fnirt/xhemi/surf/rh.smoothwm --reg /homes/4/greve/subjects/mni152.fnirt/xhemi/lrrev.register.dat

$Id: mri_surf2surf.c,v 1.98 2013/08/29 18:21:10 greve Exp $

setenv SUBJECTS_DIR /homes/4/greve/subjects
cd /autofs/space/crash_001/users/greve/subjects/mni152.fnirt
mri_surf2surf --s mni152.fnirt --sval-xyz smoothwm --hemi lh --tval-xyz /homes/4/greve/subjects/mni152.fnirt/xhemi/mri/orig.mgz --tval /homes/4/greve/subjects/mni152.fnirt/xhemi/surf/rh.smoothwm --reg /homes/4/greve/subjects/mni152.fnirt/xhemi/lrrev.register.dat 

sysname  Linux
hostname compute-0-3
machine  x86_64
user     greve
srcsubject = mni152.fnirt
srcval     = (null)
srctype    = 
trgsubject = mni152.fnirt
trgval     = /homes/4/greve/subjects/mni152.fnirt/xhemi/surf/rh.smoothwm
trgtype    = 
srcsurfreg = sphere.reg
trgsurfreg = sphere.reg
srchemi    = lh
trghemi    = lh
frame      = 0
fwhm-in    = 0
fwhm-out   = 0
label-src  = (null)
label-trg  = (null)
OKToRevFaceOrder  = 1
UseDualHemi = 0
Reading source surface reg /homes/4/greve/subjects/mni152.fnirt/surf/lh.sphere.reg
Loading source data
Reading surface file /homes/4/greve/subjects/mni152.fnirt/surf/lh.smoothwm
Applying linear registration transform
-1.00000   0.00000   0.00000   1.00000;
 0.00000   1.00000   0.00000   0.00000;
 0.00000   0.00000   1.00000   0.00000;
 0.00000   0.00000   0.00000   1.00000;
Determinant of linear transform is negative, so reversing face order
INFO: trgsubject = srcsubject
Saving target data
Reversing Face Order
Tue Jan 14 19:20:33 EST 2014
mri_surf2surf --s mni152.fnirt --sval-xyz sphere --hemi lh --tval-xyz /homes/4/greve/subjects/mni152.fnirt/xhemi/mri/orig.mgz --tval /homes/4/greve/subjects/mni152.fnirt/xhemi/surf/rh.sphere --reg /homes/4/greve/subjects/mni152.fnirt/xhemi/lrrev.pure.register.dat

$Id: mri_surf2surf.c,v 1.98 2013/08/29 18:21:10 greve Exp $

setenv SUBJECTS_DIR /homes/4/greve/subjects
cd /autofs/space/crash_001/users/greve/subjects/mni152.fnirt
mri_surf2surf --s mni152.fnirt --sval-xyz sphere --hemi lh --tval-xyz /homes/4/greve/subjects/mni152.fnirt/xhemi/mri/orig.mgz --tval /homes/4/greve/subjects/mni152.fnirt/xhemi/surf/rh.sphere --reg /homes/4/greve/subjects/mni152.fnirt/xhemi/lrrev.pure.register.dat 

sysname  Linux
hostname compute-0-3
machine  x86_64
user     greve
srcsubject = mni152.fnirt
srcval     = (null)
srctype    = 
trgsubject = mni152.fnirt
trgval     = /homes/4/greve/subjects/mni152.fnirt/xhemi/surf/rh.sphere
trgtype    = 
srcsurfreg = sphere.reg
trgsurfreg = sphere.reg
srchemi    = lh
trghemi    = lh
frame      = 0
fwhm-in    = 0
fwhm-out   = 0
label-src  = (null)
label-trg  = (null)
OKToRevFaceOrder  = 1
UseDualHemi = 0
Reading source surface reg /homes/4/greve/subjects/mni152.fnirt/surf/lh.sphere.reg
Loading source data
Reading surface file /homes/4/greve/subjects/mni152.fnirt/surf/lh.sphere
Applying linear registration transform
-1.00000   0.00000   0.00000   0.00000;
 0.00000   1.00000   0.00000   0.00000;
 0.00000   0.00000   1.00000   0.00000;
 0.00000   0.00000   0.00000   1.00000;
Determinant of linear transform is negative, so reversing face order
INFO: trgsubject = srcsubject
Saving target data
Reversing Face Order
Tue Jan 14 19:20:38 EST 2014
mri_surf2surf --s mni152.fnirt --sval-xyz inflated --hemi lh --tval-xyz /homes/4/greve/subjects/mni152.fnirt/xhemi/mri/orig.mgz --tval /homes/4/greve/subjects/mni152.fnirt/xhemi/surf/rh.inflated --reg /homes/4/greve/subjects/mni152.fnirt/xhemi/lrrev.pure.register.dat

$Id: mri_surf2surf.c,v 1.98 2013/08/29 18:21:10 greve Exp $

setenv SUBJECTS_DIR /homes/4/greve/subjects
cd /autofs/space/crash_001/users/greve/subjects/mni152.fnirt
mri_surf2surf --s mni152.fnirt --sval-xyz inflated --hemi lh --tval-xyz /homes/4/greve/subjects/mni152.fnirt/xhemi/mri/orig.mgz --tval /homes/4/greve/subjects/mni152.fnirt/xhemi/surf/rh.inflated --reg /homes/4/greve/subjects/mni152.fnirt/xhemi/lrrev.pure.register.dat 

sysname  Linux
hostname compute-0-3
machine  x86_64
user     greve
srcsubject = mni152.fnirt
srcval     = (null)
srctype    = 
trgsubject = mni152.fnirt
trgval     = /homes/4/greve/subjects/mni152.fnirt/xhemi/surf/rh.inflated
trgtype    = 
srcsurfreg = sphere.reg
trgsurfreg = sphere.reg
srchemi    = lh
trghemi    = lh
frame      = 0
fwhm-in    = 0
fwhm-out   = 0
label-src  = (null)
label-trg  = (null)
OKToRevFaceOrder  = 1
UseDualHemi = 0
Reading source surface reg /homes/4/greve/subjects/mni152.fnirt/surf/lh.sphere.reg
Loading source data
Reading surface file /homes/4/greve/subjects/mni152.fnirt/surf/lh.inflated
Applying linear registration transform
-1.00000   0.00000   0.00000   0.00000;
 0.00000   1.00000   0.00000   0.00000;
 0.00000   0.00000   1.00000   0.00000;
 0.00000   0.00000   0.00000   1.00000;
Determinant of linear transform is negative, so reversing face order
INFO: trgsubject = srcsubject
Saving target data
Reversing Face Order
cp surf/lh.curv /homes/4/greve/subjects/mni152.fnirt/xhemi/surf/rh.curv
cp surf/lh.sulc /homes/4/greve/subjects/mni152.fnirt/xhemi/surf/rh.sulc
cp surf/lh.area /homes/4/greve/subjects/mni152.fnirt/xhemi/surf/rh.area
cp surf/lh.volume /homes/4/greve/subjects/mni152.fnirt/xhemi/surf/rh.volume
cp surf/lh.thickness /homes/4/greve/subjects/mni152.fnirt/xhemi/surf/rh.thickness
cp surf/lh.inflated.H /homes/4/greve/subjects/mni152.fnirt/xhemi/surf/rh.inflated.H
cp surf/lh.area.pial /homes/4/greve/subjects/mni152.fnirt/xhemi/surf/rh.area.pial
cp surf/lh.area.mid /homes/4/greve/subjects/mni152.fnirt/xhemi/surf/rh.area.mid
cp surf/lh.curv.pial /homes/4/greve/subjects/mni152.fnirt/xhemi/surf/rh.curv.pial
cp surf/lh.inflated.K /homes/4/greve/subjects/mni152.fnirt/xhemi/surf/rh.inflated.K
cp label/lh.aparc.annot /homes/4/greve/subjects/mni152.fnirt/xhemi/label/rh.aparc.annot
done hemi lh
