status file for recon-all
Mon Jun 22 12:41:46 EDT 2009
#@# MotionCor Mon Jun 22 12:41:46 EDT 2009
#@# Nu Intensity Correction Mon Jun 22 12:42:05 EDT 2009
#@# Talairach Mon Jun 22 12:43:24 EDT 2009
#@# Talairach Failure Detection Mon Jun 22 12:45:09 EDT 2009
#@# Intensity Normalization Mon Jun 22 12:45:10 EDT 2009
#@# Skull Stripping Mon Jun 22 12:50:46 EDT 2009
#@# EM Registration Mon Jun 22 13:37:59 EDT 2009
#@# CA Normalize Mon Jun 22 14:28:36 EDT 2009
#@# CA Reg Mon Jun 22 14:32:26 EDT 2009
#@# CA Reg Inv Tue Jun 23 00:49:30 EDT 2009
#@# Remove Neck Tue Jun 23 00:51:30 EDT 2009
#@# SkullLTA Tue Jun 23 00:54:05 EDT 2009
#@# SubCort Seg Tue Jun 23 01:50:30 EDT 2009
#@# Merge ASeg Tue Jun 23 02:42:23 EDT 2009
#@# Intensity Normalization2 Tue Jun 23 02:42:23 EDT 2009
#@# Mask BFS Tue Jun 23 02:50:48 EDT 2009
#@# WM Segmentation Tue Jun 23 02:50:55 EDT 2009
#@# Fill Tue Jun 23 02:57:20 EDT 2009
#@# Tessellate lh Tue Jun 23 02:59:18 EDT 2009
#@# Smooth1 lh Tue Jun 23 02:59:42 EDT 2009
#@# Inflation1 lh Tue Jun 23 02:59:51 EDT 2009
#@# QSphere lh Tue Jun 23 03:01:29 EDT 2009
#@# Fix Topology lh Tue Jun 23 03:14:13 EDT 2009
#@# Make Final Surf lh Tue Jun 23 03:59:20 EDT 2009
#@# Surf Volume lh Tue Jun 23 05:17:18 EDT 2009
#@# Smooth2 lh Tue Jun 23 05:17:19 EDT 2009
#@# Inflation2 lh Tue Jun 23 05:17:27 EDT 2009
#@# Curvature Stats lh Tue Jun 23 05:21:48 EDT 2009
#@# Sphere lh Tue Jun 23 05:22:01 EDT 2009
#@# Surf Reg lh Tue Jun 23 08:43:40 EDT 2009
#@# Jacobian white lh Tue Jun 23 10:35:31 EDT 2009
#@# AvgCurv lh Tue Jun 23 10:35:36 EDT 2009
#@# Cortical Parc lh Tue Jun 23 10:35:40 EDT 2009
#@# Parcellation Stats lh Tue Jun 23 10:36:29 EDT 2009
#@# Cortical Parc 2 lh Tue Jun 23 10:36:43 EDT 2009
#@# Parcellation Stats 2 lh Tue Jun 23 10:37:46 EDT 2009
#@# Tessellate rh Tue Jun 23 10:38:02 EDT 2009
#@# Smooth1 rh Tue Jun 23 10:38:27 EDT 2009
#@# Inflation1 rh Tue Jun 23 10:38:36 EDT 2009
#@# QSphere rh Tue Jun 23 10:40:31 EDT 2009
#@# Fix Topology rh Tue Jun 23 10:51:48 EDT 2009
#@# Make Final Surf rh Tue Jun 23 11:52:01 EDT 2009
#@# Surf Volume rh Tue Jun 23 13:10:38 EDT 2009
#@# Smooth2 rh Tue Jun 23 13:10:39 EDT 2009
#@# Inflation2 rh Tue Jun 23 13:10:47 EDT 2009
#@# Curvature Stats rh Tue Jun 23 13:15:19 EDT 2009
#@# Sphere rh Tue Jun 23 13:15:32 EDT 2009
#@# Surf Reg rh Tue Jun 23 16:07:12 EDT 2009
#@# Jacobian white rh Tue Jun 23 17:57:15 EDT 2009
#@# AvgCurv rh Tue Jun 23 17:57:19 EDT 2009
#@# Cortical Parc rh Tue Jun 23 17:57:23 EDT 2009
#@# Parcellation Stats rh Tue Jun 23 17:58:15 EDT 2009
#@# Cortical Parc 2 rh Tue Jun 23 17:58:29 EDT 2009
#@# Parcellation Stats 2 rh Tue Jun 23 17:59:34 EDT 2009
#@# ASeg Stats Tue Jun 23 17:59:50 EDT 2009
#@# Cortical ribbon mask Tue Jun 23 18:25:06 EDT 2009
#@# AParc-to-ASeg Tue Jun 23 18:43:22 EDT 2009
#@# WMParc Tue Jun 23 18:51:33 EDT 2009
recon-all finished without error at Tue Jun 23 20:03:48 EDT 2009
