Log file for surfreg
Tue Jan 14 19:15:18 EST 2014

setenv SUBJECTS_DIR /homes/4/greve/subjects
cd /autofs/space/crash_001/users/greve/subjects
/autofs/space/tanha_002/users/greve/fsdev.build/bin/surfreg --s mni152.fnirt --t fsaverage_sym --lh

Linux compute-0-3 2.6.32-358.23.2.el6.x86_64 #1 SMP Wed Oct 16 18:37:12 UTC 2013 x86_64 x86_64 x86_64 GNU/Linux
#@# lh Tue Jan 14 19:15:18 EST 2014
#CMD# mris_register -curv -annot aparc.annot /homes/4/greve/subjects/mni152.fnirt/surf/lh.sphere /homes/4/greve/subjects/fsaverage_sym/lh.reg.template.tif /homes/4/greve/subjects/mni152.fnirt/surf/lh.fsaverage_sym.sphere.reg
using smoothwm curvature for final alignment
zeroing medial wall in aparc.annot

cwd /autofs/space/crash_001/users/greve/subjects
cmdline mris_register -curv -annot aparc.annot /homes/4/greve/subjects/mni152.fnirt/surf/lh.sphere /homes/4/greve/subjects/fsaverage_sym/lh.reg.template.tif /homes/4/greve/subjects/mni152.fnirt/surf/lh.fsaverage_sym.sphere.reg 

0 inflated.H
1 sulc
2 (null)
$Id: mris_register.c,v 1.61 2013/01/15 17:19:03 greve Exp $
  $Id: mrisurf.c,v 1.752 2013/12/19 21:50:47 fischl Exp $
reading surface from /homes/4/greve/subjects/mni152.fnirt/surf/lh.sphere...
reading colortable from annotation file...
colortable with 36 entries read (originally /autofs/space/amaebi_026/users/buckner_cortical_atlas/scripts/colortable_final.txt)
reading template parameterization from /homes/4/greve/subjects/fsaverage_sym/lh.reg.template.tif...
ripping medial wall...
MRISregister() -------
max_passes = 4 
min_degrees = 0.500000 
max_degrees = 64.000000 
nangles = 8 
tol=5.0e-01, sigma=0.0, host=compu, nav=1024, nbrs=1, l_extern=10000.000, l_parea=0.200, l_nlarea=1.000, l_corr=1.000, l_dist=5.000
using quadratic fit line minimization
complete_dist_mat 0
rms 0
smooth_averages 0
remove_neg 0
ico_order 0
which_surface 0
target_radius 0.000000
nfields 0
scale 0.000000
desired_rms_height -1.000000
momentum 0.950000
nbhd_size -10
max_nbrs 10
niterations 25
nsurfaces 0
SURFACES 3
flags 16 (10)
use curv 16
no sulc 0
no rigid align 0
mris->nsize 1
mris->hemisphere 0
randomSeed 0

tol=5.0e-01, sigma=0.0, host=compu, nav=1024, nbrs=1, l_extern=10000.000, l_parea=0.200, l_nlarea=1.000, l_corr=1.000, l_dist=5.000
using quadratic fit line minimization
--------------------
1 Reading lh.sulc
curvature mean = -0.006, std = 0.679
curvature mean = 0.053, std = 0.807
curvature mean = 0.022, std = 0.876
Starting MRISrigidBodyAlignGlobal()
  d=64.00 min @ (0.00, -16.00, 16.00) sse = 273525.8, tmin=1.1839
  d=32.00 min @ (0.00, 8.00, -8.00) sse = 200892.8, tmin=2.4556
  d=16.00 min @ (0.00, 0.00, 4.00) sse = 165594.7, tmin=3.6456
  d=8.00 min @ (0.00, -2.00, 0.00) sse = 159426.0, tmin=4.8474
  d=2.00 min @ (0.50, 0.50, 0.00) sse = 158894.5, tmin=7.4472
  d=1.00 min @ (0.00, 0.00, -0.25) sse = 158795.2, tmin=8.7686
  d=0.50 min @ (-0.12, 0.00, 0.12) sse = 158752.0, tmin=10.1016
tol=1.0e+00, sigma=0.5, host=compu, nav=1024, nbrs=1, l_extern=10000.000, l_parea=0.200, l_nlarea=1.000, l_corr=0.050, l_spring=0.500, l_dist=5.000
using quadratic fit line minimization
MRISrigidBodyAlignGlobal() done  10.10 min
curvature mean = 0.015, std = 0.834
curvature mean = 0.006, std = 0.954
curvature mean = 0.009, std = 0.846
curvature mean = 0.002, std = 0.982
curvature mean = 0.005, std = 0.848
curvature mean = 0.001, std = 0.993
2 Reading smoothwm
curvature mean = -0.027, std = 0.192
curvature mean = 0.031, std = 0.125
curvature mean = 0.043, std = 0.486
curvature mean = 0.029, std = 0.154
curvature mean = 0.018, std = 0.686
curvature mean = 0.029, std = 0.169
curvature mean = 0.008, std = 0.820
curvature mean = 0.028, std = 0.175
curvature mean = 0.002, std = 0.903
MRISregister() return, current seed 0
writing registered surface to /homes/4/greve/subjects/mni152.fnirt/surf/lh.fsaverage_sym.sphere.reg...
expanding nbhd size to 1
registration took 1.45 hours
surfreg-Run-Time-Hours mni152.fnirt lh 0 1.45
Tue Jan 14 20:42:06 EST 2014
surfreg done
